<?xml version="1.0" encoding="UTF-8"?>
<!-- Generated by org.testng.reporters.JUnitReportReporter -->
<testsuite hostname="DESKTOP-D5739PH" failures="0" tests="1" name="com.TestRunner.qa.TestRunner" time="34.840" errors="0" timestamp="12 Mar 2019 12:12:37 GMT" skipped="0">
  <testcase classname="com.TestRunner.qa.TestRunner" name="feature" time="34.840"/>
</testsuite> <!-- com.TestRunner.qa.TestRunner -->
